<?xml version="1.0" encoding="UTF-8"?>
<!-- Generated by org.testng.reporters.JUnitReportReporter -->
<testsuite hostname="NB5CG7481SKZ" failures="0" tests="1" name="org.bongz.tests.R50CampaignTest" time="9.368" errors="0" timestamp="2022-03-23T16:16:10 SAST" skipped="0">
  <testcase classname="org.bongz.tests.R50CampaignTest" name="completeR50CampaignTest" time="9.368"/>
  <system-out/>
</testsuite> <!-- org.bongz.tests.R50CampaignTest -->
