<?xml version="1.0" encoding="UTF-8"?>
<!-- Generated by org.testng.reporters.JUnitReportReporter -->
<testsuite hostname="NB5CG7481SKZ" failures="0" tests="1" name="org.bongz.tests.R50PNPCampaignTest" time="18.231" errors="0" timestamp="2022-04-12T10:25:06 SAST" skipped="0">
  <testcase classname="org.bongz.tests.R50PNPCampaignTest" name="R50PNPCampaignTest" time="18.231"/>
  <system-out/>
</testsuite> <!-- org.bongz.tests.R50PNPCampaignTest -->
