<?xml version="1.0" encoding="UTF-8"?>
<!-- Generated by org.testng.reporters.JUnitReportReporter -->
<testsuite hostname="NB5CG7481SKZ" failures="0" tests="1" name="org.bongz.tests.EventTransactionTest" time="0.000" errors="0" timestamp="2022-03-22T16:27:58 SAST" skipped="1">
  <testcase classname="org.bongz.tests.EventTransactionTest" name="fitnessAssessmentTest" time="0.000">
    <skipped/>
  </testcase> <!-- fitnessAssessmentTest -->
  <system-out/>
</testsuite> <!-- org.bongz.tests.EventTransactionTest -->
