<?xml version="1.0" encoding="UTF-8"?>
<!-- Generated by org.testng.reporters.JUnitReportReporter -->
<testsuite hostname="NB5CG7481SKZ" failures="0" tests="1" name="org.bongz.tests.CreateContractTest" time="6.789" errors="0" timestamp="2022-03-20T11:24:09 SAST" skipped="0">
  <testcase classname="org.bongz.tests.CreateContractTest" name="createContractTest" time="6.789"/>
  <system-out/>
</testsuite> <!-- org.bongz.tests.CreateContractTest -->
