<?xml version="1.0" encoding="UTF-8"?>
<!-- Generated by org.testng.reporters.JUnitReportReporter -->
<testsuite hostname="NB5CG7481SKZ" failures="0" tests="1" name="org.bongz.tests.PremierWithRSAID" time="8.364" errors="0" timestamp="2022-04-19T11:48:44 SAST" skipped="0">
  <testcase classname="org.bongz.tests.PremierWithRSAID" name="createPremierWithRSAIDTest" time="8.364"/>
  <system-out/>
</testsuite> <!-- org.bongz.tests.PremierWithRSAID -->
