<?xml version="1.0" encoding="UTF-8"?>
<!-- Generated by org.testng.reporters.JUnitReportReporter -->
<testsuite hostname="NB5CG7481SKZ" failures="0" tests="1" name="org.bongz.tests.StarterWithRSAID" time="62.041" errors="0" timestamp="2022-04-11T20:21:08 SAST" skipped="0">
  <testcase classname="org.bongz.tests.StarterWithRSAID" name="createStarterWithRSAIDTest" time="62.041"/>
  <system-out/>
</testsuite> <!-- org.bongz.tests.StarterWithRSAID -->
