<?xml version="1.0" encoding="UTF-8"?>
<!-- Generated by org.testng.reporters.JUnitReportReporter -->
<testsuite hostname="NB5CG7481SKZ" failures="0" tests="2" name="org.bongz.tests.EventTransactionTest" time="5.633" errors="0" timestamp="2022-03-20T12:43:38 SAST" skipped="1">
  <testcase classname="org.bongz.tests.EventTransactionTest" name="fitnessAssessmentTest" time="5.633"/>
  <system-out/>
  <testcase classname="org.bongz.tests.EventTransactionTest" name="safetyQuestionnaireTest">
    <skipped/>
  </testcase> <!-- safetyQuestionnaireTest -->
  <system-out/>
</testsuite> <!-- org.bongz.tests.EventTransactionTest -->
